<?xml version="1.0" encoding="UTF-8"?>
<!-- Generated by org.testng.reporters.JUnitReportReporter -->
<testsuite hostname="DESKTOP-8O1PPTQ" failures="0" tests="1" name="Test_Cases.Selenide_Test" time="39.679" errors="0" timestamp="2022-06-03T11:16:45 EDT" skipped="0">
  <testcase classname="Test_Cases.Selenide_Test" name="GoogleSearchTest" time="39.679"/>
  <system-out/>
</testsuite> <!-- Test_Cases.Selenide_Test -->
