<?xml version="1.0" encoding="UTF-8"?>
<!-- Generated by org.testng.reporters.JUnitReportReporter -->
<testsuite hostname="DESKTOP-8O1PPTQ" failures="0" tests="1" name="Test_Cases.Github_API" time="4.120" errors="0" timestamp="2022-05-26T15:28:09 EDT" skipped="0">
  <testcase classname="Test_Cases.Github_API" name="get_Request2" time="4.120"/>
  <system-out/>
</testsuite> <!-- Test_Cases.Github_API -->
